<?xml version="1.0" encoding="UTF-8"?>
<testsuite xmlns:xsi="http://www.w3.org/2001/XMLSchema-instance" xsi:noNamespaceSchemaLocation="https://maven.apache.org/surefire/maven-surefire-plugin/xsd/surefire-test-report-3.0.xsd" version="3.0" name="petTest" time="23.353" tests="3" errors="0" skipped="0" failures="0">
  <properties>
[...]
</properties>
  <testcase name="Получить животное по id" classname="Тестирование методов pet" time="9.685">
    <system-out><![CDATA[
@smoke @regress
РЎС†РµРЅР°СЂРёР№: РџРѕР»СѓС‡РёС‚СЊ Р¶РёРІРѕС‚РЅРѕРµ РїРѕ id              &amp#27;[90m# src/test/resources/features/TestID-23.feature:6&amp#27;[0m
  &amp#27;[32mРљРѕРіРґР° &amp#27;[0m&amp#27;[32mРїРѕР»СѓС‡РµРЅРѕ Р¶РёРІРѕС‚РЅРѕРµ СЃ id &amp#27;[0m&amp#27;[32m&amp#27;[1m"10"&amp#27;[0m&amp#27;[32m СЃС‚Р°С‚СѓСЃ &amp#27;[0m&amp#27;[32m&amp#27;[1m200&amp#27;[0m &amp#27;[90m# com.project.stepDefinitions.petStep.getPetByID(java.lang.String,int)&amp#27;[0m
]]></system-out>
    <system-err><![CDATA[SLF4J: Failed to load class "org.slf4j.impl.StaticLoggerBinder".
SLF4J: Defaulting to no-operation (NOP) logger implementation
SLF4J: See http://www.slf4j.org/codes.html#StaticLoggerBinder for further details.
]]></system-err>
  </testcase>
  <testcase name="Создать заказ" classname="Тестирование методов store" time="5.334">
    <system-out><![CDATA[
@smoke @regress
РЎС†РµРЅР°СЂРёР№: РЎРѕР·РґР°С‚СЊ Р·Р°РєР°Р·          &amp#27;[90m# src/test/resources/features/TestID-24.feature:6&amp#27;[0m
  &amp#27;[32mРљРѕРіРґР° &amp#27;[0m&amp#27;[32mСЃРѕР·РґР°С‚СЊ Р·Р°РєР°Р· СЃС‚Р°С‚СѓСЃ &amp#27;[0m&amp#27;[32m&amp#27;[1m200&amp#27;[0m &amp#27;[90m# com.project.stepDefinitions.orderStep.getPetByID(int,java.util.List<java.util.List<java.lang.String>>)&amp#27;[0m
    | id       | 0                        |
    | petId    | 0                        |
    | quantity | 0                        |
    | shipDate | 2023-09-11T09:37:57.828Z |
    | status   | placed                   |
    | complete | true                     |
]]></system-out>
  </testcase>
  <testcase name="Создать получить и удалить заказ" classname="Тестирование методов store" time="3.561">
    <system-out><![CDATA[
@smoke @regress
РЎС†РµРЅР°СЂРёР№: РЎРѕР·РґР°С‚СЊ РїРѕР»СѓС‡РёС‚СЊ Рё СѓРґР°Р»РёС‚СЊ Р·Р°РєР°Р· &amp#27;[90m# src/test/resources/features/TestID-24.feature:17&amp#27;[0m
  &amp#27;[32mРљРѕРіРґР° &amp#27;[0m&amp#27;[32mСЃРѕР·РґР°С‚СЊ Р·Р°РєР°Р· СЃС‚Р°С‚СѓСЃ &amp#27;[0m&amp#27;[32m&amp#27;[1m200&amp#27;[0m           &amp#27;[90m# com.project.stepDefinitions.orderStep.getPetByID(int,java.util.List<java.util.List<java.lang.String>>)&amp#27;[0m
    | id       | 0                        |
    | petId    | 0                        |
    | quantity | 0                        |
    | shipDate | 2023-09-11T09:37:57.828Z |
    | status   | placed                   |
    | complete | true                     |
  &amp#27;[32mРўРѕРіРґР° &amp#27;[0m&amp#27;[32mРџРѕР»СѓС‡РёС‚СЊ Р·Р°РєР°Р· СЃС‚Р°С‚СѓСЃ &amp#27;[0m&amp#27;[32m&amp#27;[1m200&amp#27;[0m          &amp#27;[90m# com.project.stepDefinitions.orderStep.getOrder(int)&amp#27;[0m
  &amp#27;[32mР� &amp#27;[0m&amp#27;[32mРЈРґР°Р»РёС‚СЊ Р·Р°РєР°Р· СЃС‚Р°С‚СѓСЃ &amp#27;[0m&amp#27;[32m&amp#27;[1m200&amp#27;[0m               &amp#27;[90m# com.project.stepDefinitions.orderStep.deleteOrder(int)&amp#27;[0m
]]></system-out>
  </testcase>
</testsuite>